2025/05/14 13:13:40 [info] [application] 🧪 Manual test log
in C:\xampp\htdocs\ksc\protected\controllers\OrdersController.php (83)
in C:\xampp\htdocs\ksc\index.php (13)
2025/05/14 14:48:25 [error] [exception.Stripe\Exception\AuthenticationException] Error sending request to Stripe: No API key provided.  (HINT: set your API key using "Stripe::setApiKey(<API-KEY>)".  You can generate API keys from the Stripe web interface.  See https://stripe.com/api for details, or email support@stripe.com if you have any questions.
Stripe\Exception\AuthenticationException: No API key provided.  (HINT: set your API key using "Stripe::setApiKey(<API-KEY>)".  You can generate API keys from the Stripe web interface.  See https://stripe.com/api for details, or email support@stripe.com if you have any questions. in C:\xampp\htdocs\ksc\vendor\stripe\stripe-php\lib\ApiRequestor.php:435
Stack trace:
#0 C:\xampp\htdocs\ksc\vendor\stripe\stripe-php\lib\ApiRequestor.php(521): Stripe\ApiRequestor->_prepareRequest('post', '/v1/charges', Array, Array, 'v1')
#1 C:\xampp\htdocs\ksc\vendor\stripe\stripe-php\lib\ApiRequestor.php(136): Stripe\ApiRequestor->_requestRaw('post', '/v1/charges', Array, Array, 'v1', Array, NULL)
#2 C:\xampp\htdocs\ksc\vendor\stripe\stripe-php\lib\ApiOperations\Request.php(111): Stripe\ApiRequestor->request('post', '/v1/charges', Array, Array, 'v1', Array)
#3 C:\xampp\htdocs\ksc\vendor\stripe\stripe-php\lib\Charge.php(91): Stripe\ApiResource::_staticRequest('post', '/v1/charges', Array, NULL)
#4 C:\xampp\htdocs\ksc\protected\controllers\OrdersController.php(194): Stripe\Charge::create(Array)
#5 C:\xampp\htdocs\ksc\framework\web\actions\CInlineAction.php(49): OrdersController->actionCheckout()
#6 C:\xampp\htdocs\ksc\framework\web\CController.php(308): CInlineAction->runWithParams(Array)
#7 C:\xampp\htdocs\ksc\framework\web\filters\CFilterChain.php(134): CController->runAction(Object(CInlineAction))
#8 C:\xampp\htdocs\ksc\framework\web\filters\CFilter.php(40): CFilterChain->run()
#9 C:\xampp\htdocs\ksc\framework\web\CController.php(1148): CFilter->filter(Object(CFilterChain))
#10 C:\xampp\htdocs\ksc\framework\web\filters\CInlineFilter.php(58): CController->filterAccessControl(Object(CFilterChain))
#11 C:\xampp\htdocs\ksc\framework\web\filters\CFilterChain.php(131): CInlineFilter->filter(Object(CFilterChain))
#12 C:\xampp\htdocs\ksc\framework\web\CController.php(291): CFilterChain->run()
#13 C:\xampp\htdocs\ksc\framework\web\CController.php(265): CController->runActionWithFilters(Object(CInlineAction), Array)
#14 C:\xampp\htdocs\ksc\framework\web\CWebApplication.php(282): CController->run('checkout')
#15 C:\xampp\htdocs\ksc\framework\web\CWebApplication.php(141): CWebApplication->runController('orders/checkout')
#16 C:\xampp\htdocs\ksc\framework\base\CApplication.php(185): CWebApplication->processRequest()
#17 C:\xampp\htdocs\ksc\index.php(13): CApplication->run()
#18 {main}
REQUEST_URI=/ksc/index.php/orders/checkout
HTTP_REFERER=http://localhost/ksc/index.php/buyer/checkout
---
2025/05/14 14:51:05 [error] [exception.Stripe\Exception\AuthenticationException] Error sending request to Stripe: No API key provided.  (HINT: set your API key using "Stripe::setApiKey(<API-KEY>)".  You can generate API keys from the Stripe web interface.  See https://stripe.com/api for details, or email support@stripe.com if you have any questions.
Stripe\Exception\AuthenticationException: No API key provided.  (HINT: set your API key using "Stripe::setApiKey(<API-KEY>)".  You can generate API keys from the Stripe web interface.  See https://stripe.com/api for details, or email support@stripe.com if you have any questions. in C:\xampp\htdocs\ksc\vendor\stripe\stripe-php\lib\ApiRequestor.php:435
Stack trace:
#0 C:\xampp\htdocs\ksc\vendor\stripe\stripe-php\lib\ApiRequestor.php(521): Stripe\ApiRequestor->_prepareRequest('post', '/v1/charges', Array, Array, 'v1')
#1 C:\xampp\htdocs\ksc\vendor\stripe\stripe-php\lib\ApiRequestor.php(136): Stripe\ApiRequestor->_requestRaw('post', '/v1/charges', Array, Array, 'v1', Array, NULL)
#2 C:\xampp\htdocs\ksc\vendor\stripe\stripe-php\lib\ApiOperations\Request.php(111): Stripe\ApiRequestor->request('post', '/v1/charges', Array, Array, 'v1', Array)
#3 C:\xampp\htdocs\ksc\vendor\stripe\stripe-php\lib\Charge.php(91): Stripe\ApiResource::_staticRequest('post', '/v1/charges', Array, NULL)
#4 C:\xampp\htdocs\ksc\protected\controllers\OrdersController.php(110): Stripe\Charge::create(Array)
#5 C:\xampp\htdocs\ksc\framework\web\actions\CInlineAction.php(49): OrdersController->actionCheckout()
#6 C:\xampp\htdocs\ksc\framework\web\CController.php(308): CInlineAction->runWithParams(Array)
#7 C:\xampp\htdocs\ksc\framework\web\filters\CFilterChain.php(134): CController->runAction(Object(CInlineAction))
#8 C:\xampp\htdocs\ksc\framework\web\filters\CFilter.php(40): CFilterChain->run()
#9 C:\xampp\htdocs\ksc\framework\web\CController.php(1148): CFilter->filter(Object(CFilterChain))
#10 C:\xampp\htdocs\ksc\framework\web\filters\CInlineFilter.php(58): CController->filterAccessControl(Object(CFilterChain))
#11 C:\xampp\htdocs\ksc\framework\web\filters\CFilterChain.php(131): CInlineFilter->filter(Object(CFilterChain))
#12 C:\xampp\htdocs\ksc\framework\web\CController.php(291): CFilterChain->run()
#13 C:\xampp\htdocs\ksc\framework\web\CController.php(265): CController->runActionWithFilters(Object(CInlineAction), Array)
#14 C:\xampp\htdocs\ksc\framework\web\CWebApplication.php(282): CController->run('checkout')
#15 C:\xampp\htdocs\ksc\framework\web\CWebApplication.php(141): CWebApplication->runController('orders/checkout')
#16 C:\xampp\htdocs\ksc\framework\base\CApplication.php(185): CWebApplication->processRequest()
#17 C:\xampp\htdocs\ksc\index.php(13): CApplication->run()
#18 {main}
REQUEST_URI=/ksc/index.php/orders/checkout
HTTP_REFERER=http://localhost/ksc/index.php/buyer/checkout
---
2025/05/14 14:51:19 [error] [exception.Stripe\Exception\AuthenticationException] Error sending request to Stripe: No API key provided.  (HINT: set your API key using "Stripe::setApiKey(<API-KEY>)".  You can generate API keys from the Stripe web interface.  See https://stripe.com/api for details, or email support@stripe.com if you have any questions.
Stripe\Exception\AuthenticationException: No API key provided.  (HINT: set your API key using "Stripe::setApiKey(<API-KEY>)".  You can generate API keys from the Stripe web interface.  See https://stripe.com/api for details, or email support@stripe.com if you have any questions. in C:\xampp\htdocs\ksc\vendor\stripe\stripe-php\lib\ApiRequestor.php:435
Stack trace:
#0 C:\xampp\htdocs\ksc\vendor\stripe\stripe-php\lib\ApiRequestor.php(521): Stripe\ApiRequestor->_prepareRequest('post', '/v1/charges', Array, Array, 'v1')
#1 C:\xampp\htdocs\ksc\vendor\stripe\stripe-php\lib\ApiRequestor.php(136): Stripe\ApiRequestor->_requestRaw('post', '/v1/charges', Array, Array, 'v1', Array, NULL)
#2 C:\xampp\htdocs\ksc\vendor\stripe\stripe-php\lib\ApiOperations\Request.php(111): Stripe\ApiRequestor->request('post', '/v1/charges', Array, Array, 'v1', Array)
#3 C:\xampp\htdocs\ksc\vendor\stripe\stripe-php\lib\Charge.php(91): Stripe\ApiResource::_staticRequest('post', '/v1/charges', Array, NULL)
#4 C:\xampp\htdocs\ksc\protected\controllers\OrdersController.php(110): Stripe\Charge::create(Array)
#5 C:\xampp\htdocs\ksc\framework\web\actions\CInlineAction.php(49): OrdersController->actionCheckout()
#6 C:\xampp\htdocs\ksc\framework\web\CController.php(308): CInlineAction->runWithParams(Array)
#7 C:\xampp\htdocs\ksc\framework\web\filters\CFilterChain.php(134): CController->runAction(Object(CInlineAction))
#8 C:\xampp\htdocs\ksc\framework\web\filters\CFilter.php(40): CFilterChain->run()
#9 C:\xampp\htdocs\ksc\framework\web\CController.php(1148): CFilter->filter(Object(CFilterChain))
#10 C:\xampp\htdocs\ksc\framework\web\filters\CInlineFilter.php(58): CController->filterAccessControl(Object(CFilterChain))
#11 C:\xampp\htdocs\ksc\framework\web\filters\CFilterChain.php(131): CInlineFilter->filter(Object(CFilterChain))
#12 C:\xampp\htdocs\ksc\framework\web\CController.php(291): CFilterChain->run()
#13 C:\xampp\htdocs\ksc\framework\web\CController.php(265): CController->runActionWithFilters(Object(CInlineAction), Array)
#14 C:\xampp\htdocs\ksc\framework\web\CWebApplication.php(282): CController->run('checkout')
#15 C:\xampp\htdocs\ksc\framework\web\CWebApplication.php(141): CWebApplication->runController('orders/checkout')
#16 C:\xampp\htdocs\ksc\framework\base\CApplication.php(185): CWebApplication->processRequest()
#17 C:\xampp\htdocs\ksc\index.php(13): CApplication->run()
#18 {main}
REQUEST_URI=/ksc/index.php/orders/checkout
HTTP_REFERER=http://localhost/ksc/index.php/buyer/checkout
---
